# Logfile created on Mon Apr 19 12:17:10 -0400 2010 by logger.rb/22285
2010-04-19T12:17:10-0400: *** Starting job worker delayed_job host:macmini.local pid:8710
2010-04-19T12:17:10-0400: * [Worker(delayed_job host:macmini.local pid:8710)] acquired lock on Newsletter#deliver
2010-04-19T12:17:13-0400: * [JOB] delayed_job host:macmini.local pid:8710 failed with Net::SMTPFatalError: 555 5.5.2 Syntax error. t27sm49769799wbc.23
 - 0 failed attempts
2010-04-19T12:17:13-0400: * [Worker(delayed_job host:macmini.local pid:8710)] acquired lock on Newsletter#deliver
2010-04-19T12:17:15-0400: * [JOB] delayed_job host:macmini.local pid:8710 failed with Net::SMTPFatalError: 555 5.5.2 Syntax error. e82sm780426wej.4
 - 0 failed attempts
2010-04-19T12:17:15-0400: * [Worker(delayed_job host:macmini.local pid:8710)] acquired lock on Newsletter#deliver
2010-04-19T12:17:17-0400: * [JOB] delayed_job host:macmini.local pid:8710 failed with Net::SMTPFatalError: 555 5.5.2 Syntax error. x14sm49788489wbs.18
 - 0 failed attempts
2010-04-19T12:17:17-0400: * [Worker(delayed_job host:macmini.local pid:8710)] acquired lock on Newsletter#deliver
2010-04-19T12:17:20-0400: * [JOB] delayed_job host:macmini.local pid:8710 failed with Net::SMTPFatalError: 555 5.5.2 Syntax error. g17sm780626wee.17
 - 1 failed attempts
2010-04-19T12:17:20-0400: * [Worker(delayed_job host:macmini.local pid:8710)] acquired lock on Newsletter#deliver
2010-04-19T12:17:22-0400: * [JOB] delayed_job host:macmini.local pid:8710 failed with Net::SMTPFatalError: 555 5.5.2 Syntax error. t70sm780595weq.2
 - 1 failed attempts
2010-04-19T12:17:22-0400: * [Worker(delayed_job host:macmini.local pid:8710)] acquired lock on Newsletter#deliver
2010-04-19T12:17:24-0400: * [JOB] delayed_job host:macmini.local pid:8710 failed with Net::SMTPFatalError: 555 5.5.2 Syntax error. l46sm780619wed.10
 - 1 failed attempts
2010-04-19T12:17:24-0400: 6 jobs processed at 0.4175 j/s, 6 failed ...
2010-04-19T12:17:34-0400: * [Worker(delayed_job host:macmini.local pid:8710)] acquired lock on Newsletter#deliver
2010-04-19T12:17:36-0400: * [JOB] delayed_job host:macmini.local pid:8710 failed with Net::SMTPFatalError: 555 5.5.2 Syntax error. h1sm781034wee.19
 - 0 failed attempts
2010-04-19T12:17:36-0400: * [Worker(delayed_job host:macmini.local pid:8710)] acquired lock on Newsletter#deliver
2010-04-19T12:17:39-0400: * [JOB] delayed_job host:macmini.local pid:8710 failed with Net::SMTPFatalError: 555 5.5.2 Syntax error. r29sm16618621wbv.3
 - 1 failed attempts
2010-04-19T12:17:39-0400: 2 jobs processed at 0.4347 j/s, 2 failed ...
2010-04-19T12:17:44-0400: * [Worker(delayed_job host:macmini.local pid:8710)] acquired lock on Newsletter#deliver
2010-04-19T12:17:46-0400: * [JOB] delayed_job host:macmini.local pid:8710 failed with Net::SMTPFatalError: 555 5.5.2 Syntax error. z34sm7972826wbv.8
 - 2 failed attempts
2010-04-19T12:17:46-0400: * [Worker(delayed_job host:macmini.local pid:8710)] acquired lock on Newsletter#deliver
2010-04-19T12:17:48-0400: * [JOB] delayed_job host:macmini.local pid:8710 failed with Net::SMTPFatalError: 555 5.5.2 Syntax error. d75sm780877wek.8
 - 2 failed attempts
2010-04-19T12:17:48-0400: * [Worker(delayed_job host:macmini.local pid:8710)] acquired lock on Newsletter#deliver
2010-04-19T12:17:51-0400: * [JOB] delayed_job host:macmini.local pid:8710 failed with Net::SMTPFatalError: 555 5.5.2 Syntax error. t70sm780932weq.2
 - 2 failed attempts
2010-04-19T12:17:51-0400: * [Worker(delayed_job host:macmini.local pid:8710)] acquired lock on Newsletter#deliver
2010-04-19T12:17:53-0400: * [JOB] delayed_job host:macmini.local pid:8710 failed with Net::SMTPFatalError: 555 5.5.2 Syntax error. k13sm781395wed.23
 - 3 failed attempts
2010-04-19T12:17:53-0400: * [Worker(delayed_job host:macmini.local pid:8710)] acquired lock on Newsletter#deliver
2010-04-19T12:17:55-0400: * [JOB] delayed_job host:macmini.local pid:8710 failed with Net::SMTPFatalError: 555 5.5.2 Syntax error. n61sm781108wed.18
 - 3 failed attempts
2010-04-19T12:17:55-0400: * [Worker(delayed_job host:macmini.local pid:8710)] acquired lock on Newsletter#deliver
2010-04-19T12:17:57-0400: * [JOB] delayed_job host:macmini.local pid:8710 failed with Net::SMTPFatalError: 555 5.5.2 Syntax error. d75sm780974wek.8
 - 3 failed attempts
2010-04-19T12:17:57-0400: 6 jobs processed at 0.4427 j/s, 6 failed ...
2010-04-19T12:18:02-0400: * [Worker(delayed_job host:macmini.local pid:8710)] acquired lock on Newsletter#deliver
2010-04-19T12:18:05-0400: * [JOB] delayed_job host:macmini.local pid:8710 failed with Net::SMTPFatalError: 555 5.5.2 Syntax error. l46sm781101wed.10
 - 2 failed attempts
2010-04-19T12:18:05-0400: * [Worker(delayed_job host:macmini.local pid:8710)] acquired lock on Newsletter#deliver
2010-04-19T12:18:07-0400: * [JOB] delayed_job host:macmini.local pid:8710 failed with Net::SMTPFatalError: 555 5.5.2 Syntax error. r29sm49801275wbv.15
 - 3 failed attempts
2010-04-19T12:18:07-0400: 2 jobs processed at 0.4381 j/s, 2 failed ...
2010-04-19T12:18:47-0400: * [Worker(delayed_job host:macmini.local pid:8710)] acquired lock on Newsletter#deliver
2010-04-19T12:18:49-0400: * [JOB] delayed_job host:macmini.local pid:8710 failed with Net::SMTPFatalError: 555 5.5.2 Syntax error. t70sm781736weq.14
 - 0 failed attempts
2010-04-19T12:18:49-0400: * [Worker(delayed_job host:macmini.local pid:8710)] acquired lock on Newsletter#deliver
2010-04-19T12:18:51-0400: * [JOB] delayed_job host:macmini.local pid:8710 failed with Net::SMTPFatalError: 555 5.5.2 Syntax error. g17sm781559wee.5
 - 1 failed attempts
2010-04-19T12:18:51-0400: 2 jobs processed at 0.4510 j/s, 2 failed ...
2010-04-19T12:20:46-0400: * [Worker(delayed_job host:macmini.local pid:8710)] acquired lock on Newsletter#deliver
2010-04-19T12:20:49-0400: * [JOB] delayed_job host:macmini.local pid:8710 failed with Net::SMTPFatalError: 555 5.5.2 Syntax error. v59sm783124wec.3
 - 2 failed attempts
2010-04-19T12:20:49-0400: * [Worker(delayed_job host:macmini.local pid:8710)] acquired lock on Newsletter#deliver
2010-04-19T12:20:51-0400: * [JOB] delayed_job host:macmini.local pid:8710 failed with Net::SMTPFatalError: 555 5.5.2 Syntax error. t70sm783078weq.2
 - 3 failed attempts
2010-04-19T12:20:51-0400: 2 jobs processed at 0.4221 j/s, 2 failed ...
2010-04-19T12:22:17-0400: * [Worker(delayed_job host:macmini.local pid:8710)] acquired lock on Newsletter#deliver
2010-04-19T12:22:19-0400: * [JOB] delayed_job host:macmini.local pid:8710 failed with Net::SMTPFatalError: 555 5.5.2 Syntax error. l46sm784099wed.10
 - 4 failed attempts
2010-04-19T12:22:19-0400: * [Worker(delayed_job host:macmini.local pid:8710)] acquired lock on Newsletter#deliver
2010-04-19T12:22:22-0400: * [JOB] delayed_job host:macmini.local pid:8710 failed with Net::SMTPFatalError: 555 5.5.2 Syntax error. k83sm784012wej.0
 - 4 failed attempts
2010-04-19T12:22:22-0400: * [Worker(delayed_job host:macmini.local pid:8710)] acquired lock on Newsletter#deliver
2010-04-19T12:22:24-0400: * [JOB] delayed_job host:macmini.local pid:8710 failed with Net::SMTPFatalError: 555 5.5.2 Syntax error. n61sm784275wed.18
 - 5 failed attempts
2010-04-19T12:22:24-0400: * [Worker(delayed_job host:macmini.local pid:8710)] acquired lock on Newsletter#deliver
2010-04-19T12:22:27-0400: * [JOB] delayed_job host:macmini.local pid:8710 failed with Net::SMTPFatalError: 555 5.5.2 Syntax error. g66sm784119wej.1
 - 5 failed attempts
2010-04-19T12:22:27-0400: 4 jobs processed at 0.3806 j/s, 4 failed ...
2010-04-19T12:22:32-0400: * [Worker(delayed_job host:macmini.local pid:8710)] acquired lock on Newsletter#deliver
2010-04-19T12:22:34-0400: * [JOB] delayed_job host:macmini.local pid:8710 failed with Net::SMTPFatalError: 555 5.5.2 Syntax error. z3sm8570647wbs.16
 - 4 failed attempts
2010-04-19T12:22:34-0400: * [Worker(delayed_job host:macmini.local pid:8710)] acquired lock on Newsletter#deliver
2010-04-19T12:22:36-0400: * [JOB] delayed_job host:macmini.local pid:8710 failed with Net::SMTPFatalError: 555 5.5.2 Syntax error. k13sm784311wed.11
 - 5 failed attempts
2010-04-19T12:22:36-0400: 2 jobs processed at 0.4433 j/s, 2 failed ...
2010-04-19T12:24:56-0400: * [Worker(delayed_job host:macmini.local pid:8710)] acquired lock on Newsletter#deliver
2010-04-19T12:24:59-0400: * [JOB] delayed_job host:macmini.local pid:8710 failed with Net::SMTPFatalError: 555 5.5.2 Syntax error. r29sm16663906wbv.3
 - 2 failed attempts
2010-04-19T12:24:59-0400: * [Worker(delayed_job host:macmini.local pid:8710)] acquired lock on Newsletter#deliver
2010-04-19T12:25:01-0400: * [JOB] delayed_job host:macmini.local pid:8710 failed with Net::SMTPFatalError: 555 5.5.2 Syntax error. d75sm785949wek.8
 - 3 failed attempts
2010-04-19T12:25:01-0400: 2 jobs processed at 0.4362 j/s, 2 failed ...
2010-04-19T12:25:16-0400: * [Worker(delayed_job host:macmini.local pid:8710)] acquired lock on Newsletter#deliver
2010-04-19T12:25:18-0400: * [JOB] delayed_job host:macmini.local pid:8710 failed with Net::SMTPFatalError: 555 5.5.2 Syntax error. d75sm786153wek.8
 - 0 failed attempts
2010-04-19T12:25:18-0400: * [Worker(delayed_job host:macmini.local pid:8710)] acquired lock on Newsletter#deliver
2010-04-19T12:25:21-0400: * [JOB] delayed_job host:macmini.local pid:8710 failed with Net::SMTPFatalError: 555 5.5.2 Syntax error. l46sm786571wed.22
 - 1 failed attempts
2010-04-19T12:25:21-0400: 2 jobs processed at 0.3889 j/s, 2 failed ...
